Build started 04.12.2012 13:50:57.
     1>Project "C:\Users\sekito\Desktop\Материалы GL\graphics\src\shaders\shaders.vcxproj" on node 2 (build target(s)).
     1>InitializeBuildStatus:
         Touching "C:\Users\sekito\Desktop\Материалы GL\graphics\\int\Debug\shaders\shaders.unsuccessfulbuild".
       ClCompile:
         C:\Program Files (x86)\Microsoft Visual Studio 10.0\VC\bin\CL.exe /c /ZI /nologo /W3 /WX- /Od /Oy- /D WIN32 /D _DEBUG /D _CONSOLE /Gm /EHsc /RTC1 /MDd /GS /fp:precise /Zc:wchar_t /Zc:forScope /Fo"C:\Users\sekito\Desktop\Материалы GL\graphics\\int\Debug\shaders\\" /Fd"C:\Users\sekito\Desktop\Материалы GL\graphics\\int\Debug\shaders\vc100.pdb" /Gd /TP /wd4996 /analyze- /errorReport:prompt shaders.cpp wshaderprogram.cpp
         wshaderprogram.cpp
         shaders.cpp
         Generating Code...
       ManifestResourceCompile:
         All outputs are up-to-date.
       Link:
         C:\Program Files (x86)\Microsoft Visual Studio 10.0\VC\bin\link.exe /ERRORREPORT:PROMPT /OUT:"C:\Users\sekito\Desktop\Материалы GL\graphics\\out\Debug\shaders.exe" /INCREMENTAL /NOLOGO opengl32.lib glu32.lib kernel32.lib user32.lib gdi32.lib winspool.lib comdlg32.lib advapi32.lib shell32.lib ole32.lib oleaut32.lib uuid.lib odbc32.lib odbccp32.lib /MANIFEST /ManifestFile:"C:\Users\sekito\Desktop\Материалы GL\graphics\\int\Debug\shaders\shaders.exe.intermediate.manifest" /MANIFESTUAC:"level='asInvoker' uiAccess='false'" /DEBUG /PDB:"C:\Users\sekito\Desktop\Материалы GL\graphics\out\Debug\shaders.pdb" /SUBSYSTEM:CONSOLE /TLBID:1 /DYNAMICBASE /NXCOMPAT /IMPLIB:"C:\Users\sekito\Desktop\Материалы GL\graphics\\out\Debug\shaders.lib" /MACHINE:X86 "C:\Users\sekito\Desktop\Материалы GL\graphics\\int\Debug\shaders\shaders.exe.embed.manifest.res"
         "C:\Users\sekito\Desktop\Материалы GL\graphics\\int\Debug\shaders\glextapi.obj"
         "C:\Users\sekito\Desktop\Материалы GL\graphics\\int\Debug\shaders\shaders.obj"
         "C:\Users\sekito\Desktop\Материалы GL\graphics\\int\Debug\shaders\stdafx.obj"
         "C:\Users\sekito\Desktop\Материалы GL\graphics\\int\Debug\shaders\wshader.obj"
         "C:\Users\sekito\Desktop\Материалы GL\graphics\\int\Debug\shaders\wshaderprogram.obj"
       Manifest:
         C:\Program Files (x86)\Microsoft SDKs\Windows\v7.0A\bin\mt.exe /nologo /verbose /out:"C:\Users\sekito\Desktop\Материалы GL\graphics\\int\Debug\shaders\shaders.exe.embed.manifest" /manifest "C:\Users\sekito\Desktop\Материалы GL\graphics\\int\Debug\shaders\shaders.exe.intermediate.manifest"
         All outputs are up-to-date.
       LinkEmbedManifest:
         All outputs are up-to-date.
         shaders.vcxproj -> C:\Users\sekito\Desktop\Материалы GL\graphics\\out\Debug\shaders.exe
       FinalizeBuildStatus:
         Deleting file "C:\Users\sekito\Desktop\Материалы GL\graphics\\int\Debug\shaders\shaders.unsuccessfulbuild".
         Touching "C:\Users\sekito\Desktop\Материалы GL\graphics\\int\Debug\shaders\shaders.lastbuildstate".
     1>Done Building Project "C:\Users\sekito\Desktop\Материалы GL\graphics\src\shaders\shaders.vcxproj" (build target(s)).

Build succeeded.

Time Elapsed 00:00:02.68
